<?xml version="1.0" encoding="UTF-8"?>
<testsuite xmlns:xsi="http://www.w3.org/2001/XMLSchema-instance" xsi:noNamespaceSchemaLocation="https://maven.apache.org/surefire/maven-surefire-plugin/xsd/surefire-test-report.xsd" name="MorraTest" time="0.014" tests="16" errors="0" skipped="0" failures="0">
  <properties>
[...]
</properties>
  <testcase name="testP2Points" classname="MorraTest" time="0.004"/>
  <testcase name="testP2Points2" classname="MorraTest" time="0"/>
  <testcase name="duplicateClasses" classname="MorraTest" time="0.001"/>
  <testcase name="clear2" classname="MorraTest" time="0"/>
  <testcase name="allTest" classname="MorraTest" time="0"/>
  <testcase name="totalTest2" classname="MorraTest" time="0"/>
  <testcase name="totalTest" classname="MorraTest" time="0"/>
  <testcase name="clear" classname="MorraTest" time="0.001"/>
  <testcase name="setP1Play" classname="MorraTest" time="0"/>
  <testcase name="setPlayer" classname="MorraTest" time="0.001"/>
  <testcase name="setP1Plays" classname="MorraTest" time="0"/>
  <testcase name="setP2Plays" classname="MorraTest" time="0.001"/>
  <testcase name="testP1Points2" classname="MorraTest" time="0"/>
  <testcase name="twoClasses" classname="MorraTest" time="0.001"/>
  <testcase name="testP1Points" classname="MorraTest" time="0"/>
  <testcase name="allTest2" classname="MorraTest" time="0"/>
</testsuite>